2024-07-24 08:50:42 INFO  c.e.d.DemoMdcLoggerApplication - Starting DemoMdcLoggerApplication using Java 17.0.9 with PID 1780 (D:\CIAM\projects\demo-mdc-logger\target\classes started by sangkq in D:\CIAM\projects\demo-mdc-logger)
2024-07-24 08:50:42 DEBUG c.e.d.DemoMdcLoggerApplication - Running with Spring Boot v3.3.2, Spring v6.1.11
2024-07-24 08:50:42 INFO  c.e.d.DemoMdcLoggerApplication - No active profile set, falling back to 1 default profile: "default"
2024-07-24 08:50:43 INFO  o.s.b.w.e.tomcat.TomcatWebServer - Tomcat initialized with port 8080 (http)
2024-07-24 08:50:43 INFO  o.a.coyote.http11.Http11NioProtocol - Initializing ProtocolHandler ["http-nio-8080"]
2024-07-24 08:50:43 INFO  o.a.catalina.core.StandardService - Starting service [Tomcat]
2024-07-24 08:50:43 INFO  o.a.catalina.core.StandardEngine - Starting Servlet engine: [Apache Tomcat/10.1.26]
2024-07-24 08:50:43 INFO  o.a.c.c.C.[Tomcat].[localhost].[/] - Initializing Spring embedded WebApplicationContext
2024-07-24 08:50:43 INFO  o.s.b.w.s.c.ServletWebServerApplicationContext - Root WebApplicationContext: initialization completed in 548 ms
2024-07-24 08:50:43 DEBUG o.s.w.s.m.m.a.RequestMappingHandlerMapping - 3 mappings in 'requestMappingHandlerMapping'
2024-07-24 08:50:43 DEBUG o.s.w.s.h.SimpleUrlHandlerMapping - Patterns [/webjars/**, /**] in 'resourceHandlerMapping'
2024-07-24 08:50:43 DEBUG o.s.w.s.m.m.a.RequestMappingHandlerAdapter - ControllerAdvice beans: 0 @ModelAttribute, 0 @InitBinder, 1 RequestBodyAdvice, 1 ResponseBodyAdvice
2024-07-24 08:50:43 DEBUG o.s.w.s.m.m.a.ExceptionHandlerExceptionResolver - ControllerAdvice beans: 0 @ExceptionHandler, 1 ResponseBodyAdvice
2024-07-24 08:50:43 INFO  o.a.coyote.http11.Http11NioProtocol - Starting ProtocolHandler ["http-nio-8080"]
2024-07-24 08:50:43 INFO  o.s.b.w.e.tomcat.TomcatWebServer - Tomcat started on port 8080 (http) with context path '/'
2024-07-24 08:50:43 INFO  c.e.d.DemoMdcLoggerApplication - Started DemoMdcLoggerApplication in 1.153 seconds (process running for 1.472)
2024-07-24 08:50:52 INFO  o.a.c.c.C.[Tomcat].[localhost].[/] - Initializing Spring DispatcherServlet 'dispatcherServlet'
2024-07-24 08:50:52 INFO  o.s.web.servlet.DispatcherServlet - Initializing Servlet 'dispatcherServlet'
2024-07-24 08:50:52 DEBUG o.s.web.servlet.DispatcherServlet - Detected StandardServletMultipartResolver
2024-07-24 08:50:52 DEBUG o.s.web.servlet.DispatcherServlet - Detected AcceptHeaderLocaleResolver
2024-07-24 08:50:52 DEBUG o.s.web.servlet.DispatcherServlet - Detected FixedThemeResolver
2024-07-24 08:50:52 DEBUG o.s.web.servlet.DispatcherServlet - Detected org.springframework.web.servlet.view.DefaultRequestToViewNameTranslator@32d5c258
2024-07-24 08:50:52 DEBUG o.s.web.servlet.DispatcherServlet - Detected org.springframework.web.servlet.support.SessionFlashMapManager@7af1c2ac
2024-07-24 08:50:52 DEBUG o.s.web.servlet.DispatcherServlet - enableLoggingRequestDetails='false': request parameters and headers will be masked to prevent unsafe logging of potentially sensitive data
2024-07-24 08:50:52 INFO  o.s.web.servlet.DispatcherServlet - Completed initialization in 1 ms
2024-07-24 08:50:52 DEBUG o.s.web.servlet.DispatcherServlet - GET "/", parameters={}
2024-07-24 08:50:52 DEBUG o.s.w.s.m.m.a.RequestMappingHandlerMapping - Mapped to com.example.demomdclogger.DemoMdcLoggerApplication$MyController#hello()
2024-07-24 08:50:52 DEBUG c.e.d.DemoMdcLoggerApplication - Handling request to '/'
2024-07-24 08:50:52 DEBUG o.s.w.s.m.m.a.RequestResponseBodyMethodProcessor - Using 'text/html', given [text/html, application/xhtml+xml, image/avif, image/webp, image/apng, application/xml;q=0.9, */*;q=0.8, application/signed-exchange;v=b3;q=0.7] and supported [text/plain, */*, application/json, application/*+json]
2024-07-24 08:50:52 DEBUG o.s.w.s.m.m.a.RequestResponseBodyMethodProcessor - Writing ["Hello, World!"]
2024-07-24 08:50:52 DEBUG o.s.web.servlet.DispatcherServlet - Completed 200 OK
2024-07-24 08:50:53 DEBUG o.s.web.servlet.DispatcherServlet - GET "/favicon.ico", parameters={}
2024-07-24 08:50:53 DEBUG o.s.w.s.h.SimpleUrlHandlerMapping - Mapped to ResourceHttpRequestHandler [classpath [META-INF/resources/], classpath [resources/], classpath [static/], classpath [public/], ServletContext [/]]
2024-07-24 08:50:53 DEBUG o.s.w.s.r.ResourceHttpRequestHandler - Resource not found
2024-07-24 08:50:53 DEBUG o.s.w.s.m.s.DefaultHandlerExceptionResolver - Resolved [org.springframework.web.servlet.resource.NoResourceFoundException: No static resource favicon.ico.]
2024-07-24 08:50:53 DEBUG o.s.web.servlet.DispatcherServlet - Completed 404 NOT_FOUND
2024-07-24 08:50:53 DEBUG o.s.web.servlet.DispatcherServlet - "ERROR" dispatch for GET "/error", parameters={}
2024-07-24 08:50:53 DEBUG o.s.w.s.m.m.a.RequestMappingHandlerMapping - Mapped to org.springframework.boot.autoconfigure.web.servlet.error.BasicErrorController#error(HttpServletRequest)
2024-07-24 08:50:53 DEBUG o.s.w.s.m.m.a.HttpEntityMethodProcessor - Using 'application/json;q=0.8', given [image/avif, image/webp, image/apng, image/svg+xml, image/*, */*;q=0.8] and supported [application/json, application/*+json]
2024-07-24 08:50:53 DEBUG o.s.w.s.m.m.a.HttpEntityMethodProcessor - Writing [{timestamp=Wed Jul 24 08:50:53 ICT 2024, status=404, error=Not Found, path=/favicon.ico}]
2024-07-24 08:50:53 DEBUG o.s.web.servlet.DispatcherServlet - Exiting from "ERROR" dispatch, status 404
2024-07-24 08:52:24 INFO  c.e.d.DemoMdcLoggerApplication - Starting DemoMdcLoggerApplication using Java 17.0.9 with PID 13588 (D:\CIAM\projects\demo-mdc-logger\target\classes started by sangkq in D:\CIAM\projects\demo-mdc-logger)
2024-07-24 08:52:24 DEBUG c.e.d.DemoMdcLoggerApplication - Running with Spring Boot v3.3.2, Spring v6.1.11
2024-07-24 08:52:24 INFO  c.e.d.DemoMdcLoggerApplication - No active profile set, falling back to 1 default profile: "default"
2024-07-24 08:52:25 INFO  o.s.b.w.e.tomcat.TomcatWebServer - Tomcat initialized with port 8080 (http)
2024-07-24 08:52:25 INFO  o.a.coyote.http11.Http11NioProtocol - Initializing ProtocolHandler ["http-nio-8080"]
2024-07-24 08:52:25 INFO  o.a.catalina.core.StandardService - Starting service [Tomcat]
2024-07-24 08:52:25 INFO  o.a.catalina.core.StandardEngine - Starting Servlet engine: [Apache Tomcat/10.1.26]
2024-07-24 08:52:25 INFO  o.a.c.c.C.[Tomcat].[localhost].[/] - Initializing Spring embedded WebApplicationContext
2024-07-24 08:52:25 INFO  o.s.b.w.s.c.ServletWebServerApplicationContext - Root WebApplicationContext: initialization completed in 392 ms
2024-07-24 08:52:25 DEBUG o.s.w.s.m.m.a.RequestMappingHandlerMapping - 3 mappings in 'requestMappingHandlerMapping'
2024-07-24 08:52:25 DEBUG o.s.w.s.h.SimpleUrlHandlerMapping - Patterns [/webjars/**, /**] in 'resourceHandlerMapping'
2024-07-24 08:52:25 DEBUG o.s.w.s.m.m.a.RequestMappingHandlerAdapter - ControllerAdvice beans: 0 @ModelAttribute, 0 @InitBinder, 1 RequestBodyAdvice, 1 ResponseBodyAdvice
2024-07-24 08:52:25 DEBUG o.s.w.s.m.m.a.ExceptionHandlerExceptionResolver - ControllerAdvice beans: 0 @ExceptionHandler, 1 ResponseBodyAdvice
2024-07-24 08:52:25 INFO  o.a.coyote.http11.Http11NioProtocol - Starting ProtocolHandler ["http-nio-8080"]
2024-07-24 08:52:25 INFO  o.s.b.w.e.tomcat.TomcatWebServer - Tomcat started on port 8080 (http) with context path '/'
2024-07-24 08:52:25 INFO  c.e.d.DemoMdcLoggerApplication - Started DemoMdcLoggerApplication in 0.805 seconds (process running for 1.08)
2024-07-24 08:52:29 INFO  o.a.c.c.C.[Tomcat].[localhost].[/] - Initializing Spring DispatcherServlet 'dispatcherServlet'
2024-07-24 08:52:29 INFO  o.s.web.servlet.DispatcherServlet - Initializing Servlet 'dispatcherServlet'
2024-07-24 08:52:29 DEBUG o.s.web.servlet.DispatcherServlet - Detected StandardServletMultipartResolver
2024-07-24 08:52:29 DEBUG o.s.web.servlet.DispatcherServlet - Detected AcceptHeaderLocaleResolver
2024-07-24 08:52:29 DEBUG o.s.web.servlet.DispatcherServlet - Detected FixedThemeResolver
2024-07-24 08:52:29 DEBUG o.s.web.servlet.DispatcherServlet - Detected org.springframework.web.servlet.view.DefaultRequestToViewNameTranslator@ba60614
2024-07-24 08:52:29 DEBUG o.s.web.servlet.DispatcherServlet - Detected org.springframework.web.servlet.support.SessionFlashMapManager@6b3c2bcf
2024-07-24 08:52:29 DEBUG o.s.web.servlet.DispatcherServlet - enableLoggingRequestDetails='false': request parameters and headers will be masked to prevent unsafe logging of potentially sensitive data
2024-07-24 08:52:29 INFO  o.s.web.servlet.DispatcherServlet - Completed initialization in 2 ms
2024-07-24 08:52:29 DEBUG o.s.web.servlet.DispatcherServlet - GET "/", parameters={}
2024-07-24 08:52:29 DEBUG o.s.w.s.m.m.a.RequestMappingHandlerMapping - Mapped to com.example.demomdclogger.DemoMdcLoggerApplication$MyController#hello()
2024-07-24 08:52:29 DEBUG c.e.d.DemoMdcLoggerApplication - Handling request to '/'
2024-07-24 08:52:29 DEBUG o.s.w.s.m.m.a.RequestResponseBodyMethodProcessor - Using 'text/html', given [text/html, application/xhtml+xml, image/avif, image/webp, image/apng, application/xml;q=0.9, */*;q=0.8, application/signed-exchange;v=b3;q=0.7] and supported [text/plain, */*, application/json, application/*+json]
2024-07-24 08:52:29 DEBUG o.s.w.s.m.m.a.RequestResponseBodyMethodProcessor - Writing ["Hello, World!"]
2024-07-24 08:52:29 DEBUG o.s.web.servlet.DispatcherServlet - Completed 200 OK
2024-07-24 08:53:38 INFO  c.e.d.DemoMdcLoggerApplication sangkq - Starting DemoMdcLoggerApplication using Java 17.0.9 with PID 2336 (D:\CIAM\projects\demo-mdc-logger\target\classes started by sangkq in D:\CIAM\projects\demo-mdc-logger)
2024-07-24 08:53:38 DEBUG c.e.d.DemoMdcLoggerApplication sangkq - Running with Spring Boot v3.3.2, Spring v6.1.11
2024-07-24 08:53:38 INFO  c.e.d.DemoMdcLoggerApplication sangkq - No active profile set, falling back to 1 default profile: "default"
2024-07-24 08:53:38 INFO  o.s.b.w.e.tomcat.TomcatWebServer sangkq - Tomcat initialized with port 8080 (http)
2024-07-24 08:53:38 INFO  o.a.coyote.http11.Http11NioProtocol sangkq - Initializing ProtocolHandler ["http-nio-8080"]
2024-07-24 08:53:38 INFO  o.a.catalina.core.StandardService sangkq - Starting service [Tomcat]
2024-07-24 08:53:38 INFO  o.a.catalina.core.StandardEngine sangkq - Starting Servlet engine: [Apache Tomcat/10.1.26]
2024-07-24 08:53:38 INFO  o.a.c.c.C.[Tomcat].[localhost].[/] sangkq - Initializing Spring embedded WebApplicationContext
2024-07-24 08:53:38 INFO  o.s.b.w.s.c.ServletWebServerApplicationContext sangkq - Root WebApplicationContext: initialization completed in 408 ms
2024-07-24 08:53:39 DEBUG o.s.w.s.m.m.a.RequestMappingHandlerMapping sangkq - 3 mappings in 'requestMappingHandlerMapping'
2024-07-24 08:53:39 DEBUG o.s.w.s.h.SimpleUrlHandlerMapping sangkq - Patterns [/webjars/**, /**] in 'resourceHandlerMapping'
2024-07-24 08:53:39 DEBUG o.s.w.s.m.m.a.RequestMappingHandlerAdapter sangkq - ControllerAdvice beans: 0 @ModelAttribute, 0 @InitBinder, 1 RequestBodyAdvice, 1 ResponseBodyAdvice
2024-07-24 08:53:39 DEBUG o.s.w.s.m.m.a.ExceptionHandlerExceptionResolver sangkq - ControllerAdvice beans: 0 @ExceptionHandler, 1 ResponseBodyAdvice
2024-07-24 08:53:39 INFO  o.a.coyote.http11.Http11NioProtocol sangkq - Starting ProtocolHandler ["http-nio-8080"]
2024-07-24 08:53:39 INFO  o.s.b.w.e.tomcat.TomcatWebServer sangkq - Tomcat started on port 8080 (http) with context path '/'
2024-07-24 08:53:39 INFO  c.e.d.DemoMdcLoggerApplication sangkq - Started DemoMdcLoggerApplication in 0.833 seconds (process running for 1.074)
2024-07-24 08:53:42 INFO  o.a.c.c.C.[Tomcat].[localhost].[/] sangkq - Initializing Spring DispatcherServlet 'dispatcherServlet'
2024-07-24 08:53:42 INFO  o.s.web.servlet.DispatcherServlet sangkq - Initializing Servlet 'dispatcherServlet'
2024-07-24 08:53:42 DEBUG o.s.web.servlet.DispatcherServlet sangkq - Detected StandardServletMultipartResolver
2024-07-24 08:53:42 DEBUG o.s.web.servlet.DispatcherServlet sangkq - Detected AcceptHeaderLocaleResolver
2024-07-24 08:53:42 DEBUG o.s.web.servlet.DispatcherServlet sangkq - Detected FixedThemeResolver
2024-07-24 08:53:42 DEBUG o.s.web.servlet.DispatcherServlet sangkq - Detected org.springframework.web.servlet.view.DefaultRequestToViewNameTranslator@32d5c258
2024-07-24 08:53:42 DEBUG o.s.web.servlet.DispatcherServlet sangkq - Detected org.springframework.web.servlet.support.SessionFlashMapManager@7af1c2ac
2024-07-24 08:53:42 DEBUG o.s.web.servlet.DispatcherServlet sangkq - enableLoggingRequestDetails='false': request parameters and headers will be masked to prevent unsafe logging of potentially sensitive data
2024-07-24 08:53:42 INFO  o.s.web.servlet.DispatcherServlet sangkq - Completed initialization in 1 ms
2024-07-24 08:53:42 DEBUG o.s.web.servlet.DispatcherServlet sangkq - GET "/", parameters={}
2024-07-24 08:53:42 DEBUG o.s.w.s.m.m.a.RequestMappingHandlerMapping sangkq - Mapped to com.example.demomdclogger.DemoMdcLoggerApplication$MyController#hello()
2024-07-24 08:53:42 DEBUG c.e.d.DemoMdcLoggerApplication sangkq - Handling request to '/'
2024-07-24 08:53:42 DEBUG o.s.w.s.m.m.a.RequestResponseBodyMethodProcessor sangkq - Using 'text/html', given [text/html, application/xhtml+xml, image/avif, image/webp, image/apng, application/xml;q=0.9, */*;q=0.8, application/signed-exchange;v=b3;q=0.7] and supported [text/plain, */*, application/json, application/*+json]
2024-07-24 08:53:42 DEBUG o.s.w.s.m.m.a.RequestResponseBodyMethodProcessor sangkq - Writing ["Hello, World!"]
2024-07-24 08:53:42 DEBUG o.s.web.servlet.DispatcherServlet sangkq - Completed 200 OK
trace_id= span_id= trace_flags=  INFOtrace_id= span_id= trace_flags= DEBUGtrace_id= span_id= trace_flags=  INFOtrace_id= span_id= trace_flags=  INFOtrace_id= span_id= trace_flags=  INFOtrace_id= span_id= trace_flags=  INFOtrace_id= span_id= trace_flags=  INFOtrace_id= span_id= trace_flags=  INFOtrace_id= span_id= trace_flags=  INFOtrace_id= span_id= trace_flags= DEBUGtrace_id= span_id= trace_flags= DEBUGtrace_id= span_id= trace_flags= DEBUGtrace_id= span_id= trace_flags= DEBUGtrace_id= span_id= trace_flags=  INFOtrace_id= span_id= trace_flags=  INFOtrace_id= span_id= trace_flags=  INFO2024-07-24 08:57:51 INFO  c.e.d.DemoMdcLoggerApplication sangkq - Starting DemoMdcLoggerApplication using Java 17.0.9 with PID 29672 (D:\CIAM\projects\demo-mdc-logger\target\classes started by sangkq in D:\CIAM\projects\demo-mdc-logger)
2024-07-24 08:57:51 DEBUG c.e.d.DemoMdcLoggerApplication sangkq - Running with Spring Boot v3.3.2, Spring v6.1.11
2024-07-24 08:57:51 INFO  c.e.d.DemoMdcLoggerApplication sangkq - No active profile set, falling back to 1 default profile: "default"
2024-07-24 08:57:52 INFO  o.s.b.w.e.tomcat.TomcatWebServer sangkq - Tomcat initialized with port 8080 (http)
2024-07-24 08:57:52 INFO  o.a.coyote.http11.Http11NioProtocol sangkq - Initializing ProtocolHandler ["http-nio-8080"]
2024-07-24 08:57:52 INFO  o.a.catalina.core.StandardService sangkq - Starting service [Tomcat]
2024-07-24 08:57:52 INFO  o.a.catalina.core.StandardEngine sangkq - Starting Servlet engine: [Apache Tomcat/10.1.26]
2024-07-24 08:57:52 INFO  o.a.c.c.C.[Tomcat].[localhost].[/] sangkq - Initializing Spring embedded WebApplicationContext
2024-07-24 08:57:52 INFO  o.s.b.w.s.c.ServletWebServerApplicationContext sangkq - Root WebApplicationContext: initialization completed in 403 ms
2024-07-24 08:57:52 DEBUG o.s.w.s.m.m.a.RequestMappingHandlerMapping sangkq - 3 mappings in 'requestMappingHandlerMapping'
2024-07-24 08:57:52 DEBUG o.s.w.s.h.SimpleUrlHandlerMapping sangkq - Patterns [/webjars/**, /**] in 'resourceHandlerMapping'
2024-07-24 08:57:52 DEBUG o.s.w.s.m.m.a.RequestMappingHandlerAdapter sangkq - ControllerAdvice beans: 0 @ModelAttribute, 0 @InitBinder, 1 RequestBodyAdvice, 1 ResponseBodyAdvice
2024-07-24 08:57:52 DEBUG o.s.w.s.m.m.a.ExceptionHandlerExceptionResolver sangkq - ControllerAdvice beans: 0 @ExceptionHandler, 1 ResponseBodyAdvice
2024-07-24 08:57:52 INFO  o.a.coyote.http11.Http11NioProtocol sangkq - Starting ProtocolHandler ["http-nio-8080"]
2024-07-24 08:57:52 INFO  o.s.b.w.e.tomcat.TomcatWebServer sangkq - Tomcat started on port 8080 (http) with context path '/'
2024-07-24 08:57:52 INFO  c.e.d.DemoMdcLoggerApplication sangkq - Started DemoMdcLoggerApplication in 0.824 seconds (process running for 1.07)
2024-07-24 08:58:00 INFO  c.e.d.DemoMdcLoggerApplication sangkq - Starting DemoMdcLoggerApplication using Java 17.0.9 with PID 6864 (D:\CIAM\projects\demo-mdc-logger\target\classes started by sangkq in D:\CIAM\projects\demo-mdc-logger)
2024-07-24 08:58:00 DEBUG c.e.d.DemoMdcLoggerApplication sangkq - Running with Spring Boot v3.3.2, Spring v6.1.11
2024-07-24 08:58:00 INFO  c.e.d.DemoMdcLoggerApplication sangkq - No active profile set, falling back to 1 default profile: "default"
2024-07-24 08:58:00 INFO  o.s.b.w.e.tomcat.TomcatWebServer sangkq - Tomcat initialized with port 8080 (http)
2024-07-24 08:58:00 INFO  o.a.coyote.http11.Http11NioProtocol sangkq - Initializing ProtocolHandler ["http-nio-8080"]
2024-07-24 08:58:00 INFO  o.a.catalina.core.StandardService sangkq - Starting service [Tomcat]
2024-07-24 08:58:00 INFO  o.a.catalina.core.StandardEngine sangkq - Starting Servlet engine: [Apache Tomcat/10.1.26]
2024-07-24 08:58:00 INFO  o.a.c.c.C.[Tomcat].[localhost].[/] sangkq - Initializing Spring embedded WebApplicationContext
2024-07-24 08:58:00 INFO  o.s.b.w.s.c.ServletWebServerApplicationContext sangkq - Root WebApplicationContext: initialization completed in 391 ms
2024-07-24 08:58:00 DEBUG o.s.w.s.m.m.a.RequestMappingHandlerMapping sangkq - 3 mappings in 'requestMappingHandlerMapping'
2024-07-24 08:58:00 DEBUG o.s.w.s.h.SimpleUrlHandlerMapping sangkq - Patterns [/webjars/**, /**] in 'resourceHandlerMapping'
2024-07-24 08:58:00 DEBUG o.s.w.s.m.m.a.RequestMappingHandlerAdapter sangkq - ControllerAdvice beans: 0 @ModelAttribute, 0 @InitBinder, 1 RequestBodyAdvice, 1 ResponseBodyAdvice
2024-07-24 08:58:00 DEBUG o.s.w.s.m.m.a.ExceptionHandlerExceptionResolver sangkq - ControllerAdvice beans: 0 @ExceptionHandler, 1 ResponseBodyAdvice
2024-07-24 08:58:00 INFO  o.a.coyote.http11.Http11NioProtocol sangkq - Starting ProtocolHandler ["http-nio-8080"]
2024-07-24 08:58:00 INFO  o.s.b.w.e.tomcat.TomcatWebServer sangkq - Tomcat started on port 8080 (http) with context path '/'
2024-07-24 08:58:00 INFO  c.e.d.DemoMdcLoggerApplication sangkq - Started DemoMdcLoggerApplication in 0.795 seconds (process running for 1.031)
2024-07-24 08:59:02 ERROR o.s.boot.SpringApplication sangkq - Application run failed
java.lang.IllegalStateException: java.lang.IllegalStateException: Logback configuration error detected: 
ERROR in ch.qos.logback.core.model.processor.AppenderModelHandler - Could not create an Appender of type [com.example.demomdclogger]. ch.qos.logback.core.util.DynamicClassLoadingException: Failed to instantiate type com.example.demomdclogger
ERROR in ch.qos.logback.core.model.processor.DefaultProcessor@6035b93b - Failed to traverse model appender ch.qos.logback.core.model.processor.ModelHandlerException: ch.qos.logback.core.util.DynamicClassLoadingException: Failed to instantiate type com.example.demomdclogger
ERROR in ch.qos.logback.core.model.processor.AppenderModelHandler - Could not create an Appender of type [com.example.demomdclogger]. ch.qos.logback.core.util.DynamicClassLoadingException: Failed to instantiate type com.example.demomdclogger
ERROR in ch.qos.logback.core.model.processor.DefaultProcessor@6035b93b - Failed to traverse model appender ch.qos.logback.core.model.processor.ModelHandlerException: ch.qos.logback.core.util.DynamicClassLoadingException: Failed to instantiate type com.example.demomdclogger
	at org.springframework.boot.context.logging.LoggingApplicationListener.initializeSystem(LoggingApplicationListener.java:347)
	at org.springframework.boot.context.logging.LoggingApplicationListener.initialize(LoggingApplicationListener.java:298)
	at org.springframework.boot.context.logging.LoggingApplicationListener.onApplicationEnvironmentPreparedEvent(LoggingApplicationListener.java:246)
	at org.springframework.boot.context.logging.LoggingApplicationListener.onApplicationEvent(LoggingApplicationListener.java:223)
	at org.springframework.context.event.SimpleApplicationEventMulticaster.doInvokeListener(SimpleApplicationEventMulticaster.java:185)
	at org.springframework.context.event.SimpleApplicationEventMulticaster.invokeListener(SimpleApplicationEventMulticaster.java:178)
	at org.springframework.context.event.SimpleApplicationEventMulticaster.multicastEvent(SimpleApplicationEventMulticaster.java:156)
	at org.springframework.context.event.SimpleApplicationEventMulticaster.multicastEvent(SimpleApplicationEventMulticaster.java:138)
	at org.springframework.boot.context.event.EventPublishingRunListener.multicastInitialEvent(EventPublishingRunListener.java:136)
	at org.springframework.boot.context.event.EventPublishingRunListener.environmentPrepared(EventPublishingRunListener.java:81)
	at org.springframework.boot.SpringApplicationRunListeners.lambda$environmentPrepared$2(SpringApplicationRunListeners.java:64)
	at java.base/java.lang.Iterable.forEach(Iterable.java:75)
	at org.springframework.boot.SpringApplicationRunListeners.doWithListeners(SpringApplicationRunListeners.java:118)
	at org.springframework.boot.SpringApplicationRunListeners.doWithListeners(SpringApplicationRunListeners.java:112)
	at org.springframework.boot.SpringApplicationRunListeners.environmentPrepared(SpringApplicationRunListeners.java:63)
	at org.springframework.boot.SpringApplication.prepareEnvironment(SpringApplication.java:370)
	at org.springframework.boot.SpringApplication.run(SpringApplication.java:330)
	at org.springframework.boot.SpringApplication.run(SpringApplication.java:1363)
	at org.springframework.boot.SpringApplication.run(SpringApplication.java:1352)
	at com.example.demomdclogger.DemoMdcLoggerApplication.main(DemoMdcLoggerApplication.java:14)
Caused by: java.lang.IllegalStateException: Logback configuration error detected: 
ERROR in ch.qos.logback.core.model.processor.AppenderModelHandler - Could not create an Appender of type [com.example.demomdclogger]. ch.qos.logback.core.util.DynamicClassLoadingException: Failed to instantiate type com.example.demomdclogger
ERROR in ch.qos.logback.core.model.processor.DefaultProcessor@6035b93b - Failed to traverse model appender ch.qos.logback.core.model.processor.ModelHandlerException: ch.qos.logback.core.util.DynamicClassLoadingException: Failed to instantiate type com.example.demomdclogger
ERROR in ch.qos.logback.core.model.processor.AppenderModelHandler - Could not create an Appender of type [com.example.demomdclogger]. ch.qos.logback.core.util.DynamicClassLoadingException: Failed to instantiate type com.example.demomdclogger
ERROR in ch.qos.logback.core.model.processor.DefaultProcessor@6035b93b - Failed to traverse model appender ch.qos.logback.core.model.processor.ModelHandlerException: ch.qos.logback.core.util.DynamicClassLoadingException: Failed to instantiate type com.example.demomdclogger
	at org.springframework.boot.logging.logback.LogbackLoggingSystem.reportConfigurationErrorsIfNecessary(LogbackLoggingSystem.java:282)
	at org.springframework.boot.logging.logback.LogbackLoggingSystem.loadConfiguration(LogbackLoggingSystem.java:260)
	at org.springframework.boot.logging.AbstractLoggingSystem.initializeWithConventions(AbstractLoggingSystem.java:81)
	at org.springframework.boot.logging.AbstractLoggingSystem.initialize(AbstractLoggingSystem.java:61)
	at org.springframework.boot.logging.logback.LogbackLoggingSystem.initialize(LogbackLoggingSystem.java:193)
	at org.springframework.boot.context.logging.LoggingApplicationListener.initializeSystem(LoggingApplicationListener.java:332)
	... 19 common frames omitted
	Suppressed: ch.qos.logback.core.util.DynamicClassLoadingException: Failed to instantiate type com.example.demomdclogger
		at ch.qos.logback.core.util.OptionHelper.instantiateByClassNameAndParameter(OptionHelper.java:69)
		at ch.qos.logback.core.util.OptionHelper.instantiateByClassName(OptionHelper.java:44)
		at ch.qos.logback.core.util.OptionHelper.instantiateByClassName(OptionHelper.java:33)
		at ch.qos.logback.core.model.processor.AppenderModelHandler.handle(AppenderModelHandler.java:67)
		at ch.qos.logback.core.model.processor.DefaultProcessor.secondPhaseTraverse(DefaultProcessor.java:241)
		at ch.qos.logback.core.model.processor.DefaultProcessor.secondPhaseTraverse(DefaultProcessor.java:253)
		at ch.qos.logback.core.model.processor.DefaultProcessor.traversalLoop(DefaultProcessor.java:90)
		at ch.qos.logback.core.model.processor.DefaultProcessor.process(DefaultProcessor.java:106)
		at ch.qos.logback.core.joran.GenericXMLConfigurator.processModel(GenericXMLConfigurator.java:216)
		at org.springframework.boot.logging.logback.SpringBootJoranConfigurator.processModel(SpringBootJoranConfigurator.java:133)
		at ch.qos.logback.core.joran.GenericXMLConfigurator.doConfigure(GenericXMLConfigurator.java:178)
		at ch.qos.logback.core.joran.GenericXMLConfigurator.doConfigure(GenericXMLConfigurator.java:123)
		at ch.qos.logback.core.joran.GenericXMLConfigurator.doConfigure(GenericXMLConfigurator.java:66)
		at org.springframework.boot.logging.logback.LogbackLoggingSystem.configureByResourceUrl(LogbackLoggingSystem.java:292)
		at org.springframework.boot.logging.logback.LogbackLoggingSystem.lambda$loadConfiguration$1(LogbackLoggingSystem.java:254)
		at org.springframework.boot.logging.logback.LogbackLoggingSystem.withLoggingSuppressed(LogbackLoggingSystem.java:472)
		at org.springframework.boot.logging.logback.LogbackLoggingSystem.loadConfiguration(LogbackLoggingSystem.java:248)
		... 23 common frames omitted
	Caused by: java.lang.ClassNotFoundException: com.example.demomdclogger
		at java.base/jdk.internal.loader.BuiltinClassLoader.loadClass(BuiltinClassLoader.java:641)
		at java.base/jdk.internal.loader.ClassLoaders$AppClassLoader.loadClass(ClassLoaders.java:188)
		at java.base/java.lang.ClassLoader.loadClass(ClassLoader.java:520)
		at ch.qos.logback.core.util.OptionHelper.instantiateByClassNameAndParameter(OptionHelper.java:56)
		... 39 common frames omitted
	Suppressed: ch.qos.logback.core.model.processor.ModelHandlerException: ch.qos.logback.core.util.DynamicClassLoadingException: Failed to instantiate type com.example.demomdclogger
		at ch.qos.logback.core.model.processor.AppenderModelHandler.handle(AppenderModelHandler.java:75)
		at ch.qos.logback.core.model.processor.DefaultProcessor.secondPhaseTraverse(DefaultProcessor.java:241)
		at ch.qos.logback.core.model.processor.DefaultProcessor.secondPhaseTraverse(DefaultProcessor.java:253)
		at ch.qos.logback.core.model.processor.DefaultProcessor.traversalLoop(DefaultProcessor.java:90)
		at ch.qos.logback.core.model.processor.DefaultProcessor.process(DefaultProcessor.java:106)
		at ch.qos.logback.core.joran.GenericXMLConfigurator.processModel(GenericXMLConfigurator.java:216)
		at org.springframework.boot.logging.logback.SpringBootJoranConfigurator.processModel(SpringBootJoranConfigurator.java:133)
		at ch.qos.logback.core.joran.GenericXMLConfigurator.doConfigure(GenericXMLConfigurator.java:178)
		at ch.qos.logback.core.joran.GenericXMLConfigurator.doConfigure(GenericXMLConfigurator.java:123)
		at ch.qos.logback.core.joran.GenericXMLConfigurator.doConfigure(GenericXMLConfigurator.java:66)
		at org.springframework.boot.logging.logback.LogbackLoggingSystem.configureByResourceUrl(LogbackLoggingSystem.java:292)
		at org.springframework.boot.logging.logback.LogbackLoggingSystem.lambda$loadConfiguration$1(LogbackLoggingSystem.java:254)
		at org.springframework.boot.logging.logback.LogbackLoggingSystem.withLoggingSuppressed(LogbackLoggingSystem.java:472)
		at org.springframework.boot.logging.logback.LogbackLoggingSystem.loadConfiguration(LogbackLoggingSystem.java:248)
		... 23 common frames omitted
	Caused by: [CIRCULAR REFERENCE: ch.qos.logback.core.util.DynamicClassLoadingException: Failed to instantiate type com.example.demomdclogger]
	Suppressed: ch.qos.logback.core.util.DynamicClassLoadingException: Failed to instantiate type com.example.demomdclogger
		at ch.qos.logback.core.util.OptionHelper.instantiateByClassNameAndParameter(OptionHelper.java:69)
		at ch.qos.logback.core.util.OptionHelper.instantiateByClassName(OptionHelper.java:44)
		at ch.qos.logback.core.util.OptionHelper.instantiateByClassName(OptionHelper.java:33)
		at ch.qos.logback.core.model.processor.AppenderModelHandler.handle(AppenderModelHandler.java:67)
		at ch.qos.logback.core.model.processor.DefaultProcessor.secondPhaseTraverse(DefaultProcessor.java:241)
		at ch.qos.logback.core.model.processor.DefaultProcessor.secondPhaseTraverse(DefaultProcessor.java:253)
		at ch.qos.logback.core.model.processor.DefaultProcessor.traversalLoop(DefaultProcessor.java:90)
		at ch.qos.logback.core.model.processor.DefaultProcessor.process(DefaultProcessor.java:106)
		at ch.qos.logback.core.joran.GenericXMLConfigurator.processModel(GenericXMLConfigurator.java:216)
		at org.springframework.boot.logging.logback.SpringBootJoranConfigurator.processModel(SpringBootJoranConfigurator.java:133)
		at ch.qos.logback.core.joran.GenericXMLConfigurator.doConfigure(GenericXMLConfigurator.java:178)
		at ch.qos.logback.core.joran.GenericXMLConfigurator.doConfigure(GenericXMLConfigurator.java:123)
		at ch.qos.logback.core.joran.GenericXMLConfigurator.doConfigure(GenericXMLConfigurator.java:66)
		at org.springframework.boot.logging.logback.LogbackLoggingSystem.configureByResourceUrl(LogbackLoggingSystem.java:292)
		at org.springframework.boot.logging.logback.LogbackLoggingSystem.lambda$loadConfiguration$1(LogbackLoggingSystem.java:254)
		at org.springframework.boot.logging.logback.LogbackLoggingSystem.withLoggingSuppressed(LogbackLoggingSystem.java:472)
		at org.springframework.boot.logging.logback.LogbackLoggingSystem.loadConfiguration(LogbackLoggingSystem.java:248)
		... 23 common frames omitted
	Caused by: java.lang.ClassNotFoundException: com.example.demomdclogger
		at java.base/jdk.internal.loader.BuiltinClassLoader.loadClass(BuiltinClassLoader.java:641)
		at java.base/jdk.internal.loader.ClassLoaders$AppClassLoader.loadClass(ClassLoaders.java:188)
		at java.base/java.lang.ClassLoader.loadClass(ClassLoader.java:520)
		at ch.qos.logback.core.util.OptionHelper.instantiateByClassNameAndParameter(OptionHelper.java:56)
		... 39 common frames omitted
	Suppressed: ch.qos.logback.core.model.processor.ModelHandlerException: ch.qos.logback.core.util.DynamicClassLoadingException: Failed to instantiate type com.example.demomdclogger
		at ch.qos.logback.core.model.processor.AppenderModelHandler.handle(AppenderModelHandler.java:75)
		at ch.qos.logback.core.model.processor.DefaultProcessor.secondPhaseTraverse(DefaultProcessor.java:241)
		at ch.qos.logback.core.model.processor.DefaultProcessor.secondPhaseTraverse(DefaultProcessor.java:253)
		at ch.qos.logback.core.model.processor.DefaultProcessor.traversalLoop(DefaultProcessor.java:90)
		at ch.qos.logback.core.model.processor.DefaultProcessor.process(DefaultProcessor.java:106)
		at ch.qos.logback.core.joran.GenericXMLConfigurator.processModel(GenericXMLConfigurator.java:216)
		at org.springframework.boot.logging.logback.SpringBootJoranConfigurator.processModel(SpringBootJoranConfigurator.java:133)
		at ch.qos.logback.core.joran.GenericXMLConfigurator.doConfigure(GenericXMLConfigurator.java:178)
		at ch.qos.logback.core.joran.GenericXMLConfigurator.doConfigure(GenericXMLConfigurator.java:123)
		at ch.qos.logback.core.joran.GenericXMLConfigurator.doConfigure(GenericXMLConfigurator.java:66)
		at org.springframework.boot.logging.logback.LogbackLoggingSystem.configureByResourceUrl(LogbackLoggingSystem.java:292)
		at org.springframework.boot.logging.logback.LogbackLoggingSystem.lambda$loadConfiguration$1(LogbackLoggingSystem.java:254)
		at org.springframework.boot.logging.logback.LogbackLoggingSystem.withLoggingSuppressed(LogbackLoggingSystem.java:472)
		at org.springframework.boot.logging.logback.LogbackLoggingSystem.loadConfiguration(LogbackLoggingSystem.java:248)
		... 23 common frames omitted
	Caused by: [CIRCULAR REFERENCE: ch.qos.logback.core.util.DynamicClassLoadingException: Failed to instantiate type com.example.demomdclogger]
